2024-10-28 23:18:21.377 | INFO     | common.read_xmind:xmind_to_caselist:138 - --------------------case_data---------------------
2024-10-28T23:18:21.377546+0800 INFO --------------------case_data---------------------
2024-10-28 23:18:21.378 | INFO     | common.read_xmind:xmind_to_caselist:139 - new_case:
2024-10-28T23:18:21.378543+0800 INFO new_case:
2024-10-28 23:18:21.378 | INFO     | common.read_xmind:xmind_to_caselist:138 - --------------------case_data---------------------
2024-10-28T23:18:21.378543+0800 INFO --------------------case_data---------------------
2024-10-28 23:18:21.379 | INFO     | common.read_xmind:xmind_to_caselist:139 - new_case:
2024-10-28T23:18:21.379535+0800 INFO new_case:
2024-10-28 23:18:21.379 | INFO     | common.read_xmind:xmind_to_caselist:138 - --------------------case_data---------------------
2024-10-28T23:18:21.379535+0800 INFO --------------------case_data---------------------
2024-10-28T23:18:21.379535+0800 INFO new_case:
2024-10-28 23:18:21.379 | INFO     | common.read_xmind:xmind_to_caselist:139 - new_case:
2024-10-28 23:18:21.379 | INFO     | common.read_xmind:xmind_to_caselist:138 - --------------------case_data---------------------
2024-10-28T23:18:21.379535+0800 INFO --------------------case_data---------------------
2024-10-28 23:18:21.380 | INFO     | common.read_xmind:xmind_to_caselist:139 - new_case:
2024-10-28T23:18:21.380532+0800 INFO new_case:
2024-10-28T23:18:21.380532+0800 INFO --------------------case_data---------------------
2024-10-28 23:18:21.380 | INFO     | common.read_xmind:xmind_to_caselist:138 - --------------------case_data---------------------
2024-10-28 23:18:21.380 | INFO     | common.read_xmind:xmind_to_caselist:139 - new_case:
2024-10-28T23:18:21.380532+0800 INFO new_case:
2024-10-28 23:18:21.380 | INFO     | common.read_xmind:xmind_to_caselist:138 - --------------------case_data---------------------
2024-10-28T23:18:21.380532+0800 INFO --------------------case_data---------------------
2024-10-28T23:18:21.381529+0800 INFO new_case:
2024-10-28 23:18:21.381 | INFO     | common.read_xmind:xmind_to_caselist:139 - new_case:
2024-10-28T23:18:21.381529+0800 INFO --------------------case_data---------------------
2024-10-28 23:18:21.381 | INFO     | common.read_xmind:xmind_to_caselist:138 - --------------------case_data---------------------
2024-10-28 23:18:21.381 | INFO     | common.read_xmind:xmind_to_caselist:139 - new_case:
2024-10-28T23:18:21.381529+0800 INFO new_case:
2024-10-28T23:20:52.303695+0800 INFO --------------------case_data---------------------
2024-10-28T23:20:52.303695+0800 INFO new_case:
2024-10-28T23:20:52.303695+0800 INFO --------------------case_data---------------------
2024-10-28T23:20:52.304688+0800 INFO new_case:
2024-10-28T23:20:52.304688+0800 INFO --------------------case_data---------------------
2024-10-28T23:20:52.304688+0800 INFO new_case:
2024-10-28T23:20:52.305693+0800 INFO --------------------case_data---------------------
2024-10-28T23:20:52.305693+0800 INFO new_case:
2024-10-28T23:20:52.305693+0800 INFO --------------------case_data---------------------
2024-10-28T23:20:52.305693+0800 INFO new_case:
2024-10-28T23:20:52.306685+0800 INFO --------------------case_data---------------------
2024-10-28T23:20:52.306685+0800 INFO new_case:
2024-10-28T23:20:52.306685+0800 INFO --------------------case_data---------------------
2024-10-28T23:20:52.306685+0800 INFO new_case:
2024-10-28T23:21:03.059709+0800 INFO --------------------case_data---------------------
2024-10-28T23:21:03.060706+0800 INFO new_case:
2024-10-28T23:21:03.060706+0800 INFO --------------------case_data---------------------
2024-10-28T23:21:03.060706+0800 INFO new_case:
2024-10-28T23:21:03.060706+0800 INFO --------------------case_data---------------------
2024-10-28T23:21:03.060706+0800 INFO new_case:
2024-10-28T23:21:03.060706+0800 INFO --------------------case_data---------------------
2024-10-28T23:21:03.061702+0800 INFO new_case:
2024-10-28T23:21:03.061702+0800 INFO --------------------case_data---------------------
2024-10-28T23:21:03.061702+0800 INFO new_case:
2024-10-28T23:21:03.061702+0800 INFO --------------------case_data---------------------
2024-10-28T23:21:03.061702+0800 INFO new_case:
2024-10-28T23:21:03.061702+0800 INFO --------------------case_data---------------------
2024-10-28T23:21:03.062699+0800 INFO new_case:
2024-10-28T23:21:40.677376+0800 INFO --------------------case_data---------------------
2024-10-28T23:21:40.677376+0800 INFO new_case:
2024-10-28T23:21:40.677376+0800 INFO --------------------case_data---------------------
2024-10-28T23:21:40.677376+0800 INFO new_case:
2024-10-28T23:21:40.678373+0800 INFO --------------------case_data---------------------
2024-10-28T23:21:40.678373+0800 INFO new_case:
2024-10-28T23:21:40.678373+0800 INFO --------------------case_data---------------------
2024-10-28T23:21:40.679371+0800 INFO new_case:
2024-10-28T23:21:40.679371+0800 INFO --------------------case_data---------------------
2024-10-28T23:21:40.679371+0800 INFO new_case:
2024-10-28T23:21:40.679371+0800 INFO --------------------case_data---------------------
2024-10-28T23:21:40.680367+0800 INFO new_case:
2024-10-28T23:21:40.680367+0800 INFO --------------------case_data---------------------
2024-10-28T23:21:40.680367+0800 INFO new_case:
2024-10-28T23:21:40.681363+0800 INFO -------------------------------------------------结束-------------------------------------------------
2024-10-28T23:23:50.941658+0800 INFO --------------------case_data---------------------
2024-10-28T23:23:50.942655+0800 INFO new_case:
2024-10-28T23:23:50.942655+0800 INFO --------------------case_data---------------------
2024-10-28T23:23:50.942655+0800 INFO new_case:
2024-10-28T23:23:50.942655+0800 INFO --------------------case_data---------------------
2024-10-28T23:23:50.943651+0800 INFO new_case:
2024-10-28T23:23:50.943651+0800 INFO --------------------case_data---------------------
2024-10-28T23:23:50.943651+0800 INFO new_case:
2024-10-28T23:23:50.943651+0800 INFO --------------------case_data---------------------
2024-10-28T23:23:50.943651+0800 INFO new_case:
2024-10-28T23:23:50.943651+0800 INFO --------------------case_data---------------------
2024-10-28T23:23:50.944648+0800 INFO new_case:
2024-10-28T23:23:50.944648+0800 INFO --------------------case_data---------------------
2024-10-28T23:23:50.944648+0800 INFO new_case:
2024-10-28T23:23:50.944648+0800 INFO -------------------------------------------------结束-------------------------------------------------
2024-10-28T23:23:54.483543+0800 INFO 运行完成
2024-10-28T23:26:20.032525+0800 INFO --------------------case_data---------------------2024-12-16T19:44:52.097078+0800 INFO -------------------------------------------------开始-------------------------------------------------
2024-12-16T19:44:52.098078+0800 INFO --------------------case_data---------------------
2024-12-16T19:44:52.098078+0800 INFO new_case:{'menu1': 'Worker和Pages', 'menu2': 'Durable Objects', 'test_items': '查询', 'test_child': '空条件1', 'step': '1.登录系统，进入【xx】页面；\r\n2.输入查询条件，点击“查询”按钮，检查查询结果是否正确；\r\n3.点击重置。', 'result': '2.查询结果正确；\r\n3.查询条件清空，列表数据刷新。', 'scene': '222', 'direction': '反例', 'purpose': '验证Durable Objects_查询_空条件1功能正常'}
2024-12-16T19:44:52.098078+0800 INFO --------------------case_data---------------------
2024-12-16T19:44:52.099075+0800 INFO new_case:{'menu1': 'Worker和Pages', 'menu2': 'Durable Objects', 'test_items': '查询', 'test_child': '空条件2', 'step': '1.登录系统，进入【xx】页面；\r\n2.输入查询条件，点击“查询”按钮，检查查询结果是否正确；\r\n3.点击重置。', 'result': '1.查询结果正确；\r\n2.查询条件清空，列表数据刷新。', 'scene': '111', 'purpose': '验证Durable Objects_查询_空条件2功能正常'}
2024-12-16T19:44:52.099075+0800 INFO --------------------case_data---------------------
2024-12-16T19:44:52.099075+0800 INFO new_case:{'menu1': 'Worker和Pages', 'menu2': 'Durable Objects', 'test_items': '查询2', 'step': '1.登录系统，进入【xx】页面；\r\n2.输入查询条件，点击“查询”按钮，检查查询结果是否正确；\r\n3.点击重置。', 'result': '2.查询结果正确；\r\n3.查询条件清空，列表数据刷新。', 'purpose': '验证Durable Objects_查询2功能正常'}
2024-12-16T19:44:52.099075+0800 INFO --------------------case_data---------------------
2024-12-16T19:44:52.099075+0800 INFO new_case:{'menu1': 'Worker和Pages', 'menu2': '工作流', 'test_items': '导出', 'test_child': '无查询条件1-需求列表', 'step': '1.登录系统，进入【xx】页面；\r\n2.导出相应数据。', 'result': '2.导出成功且导出结果正确。', 'purpose': '验证工作流_导出_无查询条件1-需求列表功能正常'}
2024-12-16T19:44:52.099075+0800 INFO --------------------case_data---------------------
2024-12-16T19:44:52.100071+0800 INFO new_case:{'menu1': 'Worker和Pages', 'menu2': '工作流', 'test_items': '导出', 'test_child': '无查询条件2-需求列表', 'step': '1.登录系统，进入【xx】页面；\r\n2.导出相应数据。', 'result': '2.导出成功且导出结果正确。', 'scene': '1.勾选数据\r\n2.不勾选数据', 'direction': '反例', 'purpose': '验证工作流_导出_无查询条件2-需求列表功能正常'}
2024-12-16T19:44:52.100071+0800 INFO --------------------case_data---------------------
2024-12-16T19:44:52.100071+0800 INFO new_case:{'menu1': 'Worker和Pages', 'menu2': '工作流', 'test_items': '废止', 'test_child': '备注框检查', 'step': '"1.登录系统，进入【xx】页面；\r\n2.在列表中点击“废止”，检查备注弹框。"', 'result': '2.弹框空、特殊字符、超长等校验正确。', 'priority': 'P1', 'purpose': '验证工作流_废止_备注框检查功能正常'}
2024-12-16T19:44:52.102066+0800 INFO --------------------case_data---------------------
2024-12-16T19:44:52.102066+0800 INFO new_case:{'menu1': 'Worker和Pages', 'menu2': '工作流', 'test_items': '查询', 'test_child': '单一条件查询', 'step': '1.登录系统，进入【xx】页面；\r\n2.输入查询条件，点击“查询”按钮，检查查询结果是否正确；\r\n3.点击重置。', 'result': '2.查询结果正确；\r\n3.查询条件清空，列表数据刷新。', 'purpose': '验证工作流_查询_单一条件查询功能正常'}
2024-12-16T19:44:52.102066+0800 INFO --------------------case_data---------------------
2024-12-16T19:44:52.102066+0800 INFO new_case:{'menu1': 'Worker和Pages', 'menu2': '工作流', 'test_items': '查询', 'step': '1.登录系统，进入【xx】页面；\r\n2.输入查询条件，点击“查询”按钮，检查查询结果是否正确；\r\n3.点击重置。', 'result': '2.查询结果正确；\r\n3.查询条件清空，列表数据刷新。', 'purpose': '验证工作流_查询功能正常'}
2024-12-16T19:44:52.103059+0800 INFO --------------------case_data---------------------
2024-12-16T19:44:52.103059+0800 INFO new_case:{'menu1': '管理账户', 'menu2': '成员', 'test_items': '邀请', 'test_child': '界面UI检查', 'step': '1.登录系统，进入xx页面；\r\n2.检查界面UI功能。"\t', 'result': '1、页面数据展示正常', 'purpose': '验证成员_邀请_界面UI检查功能正常'}
2024-12-16T19:44:52.103059+0800 INFO -------------------------------------------------结束-------------------------------------------------
2024-12-16T19:44:52.104056+0800 INFO total_cases=[{'trading_day': '', 'condition': '', 'scene': '222', 'case_num': '1', 'baseline': 'Y', 'create_time': '', 'priority': 'P2', 'direction': '反例', 'case_type': '功能类', 'create_name': 'lucky', 'remark': '', 'menu1': 'Worker和Pages', 'menu2': 'Durable Objects', 'purpose': '验证Durable Objects_查询_空条件1功能正常', 'test_items': '查询', 'test_child': '空条件1', 'step': '1.登录系统，进入【xx】页面；\r\n2.输入查询条件，点击“查询”按钮，检查查询结果是否正确；\r\n3.点击重置。', 'result': '2.查询结果正确；\r\n3.查询条件清空，列表数据刷新。'}, {'trading_day': '', 'condition': '', 'scene': '111', 'case_num': '1', 'baseline': 'Y', 'create_time': '', 'priority': 'P2', 'direction': '正例', 'case_type': '功能类', 'create_name': 'lucky', 'remark': '', 'menu1': 'Worker和Pages', 'menu2': 'Durable Objects', 'purpose': '验证Durable Objects_查询_空条件2功能正常', 'test_items': '查询', 'test_child': '空条件2', 'step': '1.登录系统，进入【xx】页面；\r\n2.输入查询条件，点击“查询”按钮，检查查询结果是否正确；\r\n3.点击重置。', 'result': '1.查询结果正确；\r\n2.查询条件清空，列表数据刷新。'}, {'trading_day': '', 'condition': '', 'scene': '', 'case_num': '1', 'baseline': 'Y', 'create_time': '', 'priority': 'P2', 'direction': '正例', 'case_type': '功能类', 'create_name': 'lucky', 'remark': '', 'menu1': 'Worker和Pages', 'menu2': 'Durable Objects', 'purpose': '验证Durable Objects_查询2功能正常', 'test_items': '查询2', 'test_child': '', 'step': '1.登录系统，进入【xx】页面；\r\n2.输入查询条件，点击“查询”按钮，检查查询结果是否正确；\r\n3.点击重置。', 'result': '2.查询结果正确；\r\n3.查询条件清空，列表数据刷新。'}, {'trading_day': '', 'condition': '', 'scene': '', 'case_num': '1', 'baseline': 'Y', 'create_time': '', 'priority': 'P2', 'direction': '正例', 'case_type': '功能类', 'create_name': 'lucky', 'remark': '', 'menu1': 'Worker和Pages', 'menu2': '工作流', 'purpose': '验证工作流_导出_无查询条件1-需求列表功能正常', 'test_items': '导出', 'test_child': '无查询条件1-需求列表', 'step': '1.登录系统，进入【xx】页面；\r\n2.导出相应数据。', 'result': '2.导出成功且导出结果正确。'}, {'trading_day': '', 'condition': '', 'scene': '1.勾选数据\r\n2.不勾选数据', 'case_num': '1', 'baseline': 'Y', 'create_time': '', 'priority': 'P2', 'direction': '反例', 'case_type': '功能类', 'create_name': 'lucky', 'remark': '', 'menu1': 'Worker和Pages', 'menu2': '工作流', 'purpose': '验证工作流_导出_无查询条件2-需求列表功能正常', 'test_items': '导出', 'test_child': '无查询条件2-需求列表', 'step': '1.登录系统，进入【xx】页面；\r\n2.导出相应数据。', 'result': '2.导出成功且导出结果正确。'}, {'trading_day': '', 'condition': '', 'scene': '', 'case_num': '1', 'baseline': 'Y', 'create_time': '', 'priority': 'P1', 'direction': '正例', 'case_type': '功能类', 'create_name': 'lucky', 'remark': '', 'menu1': 'Worker和Pages', 'menu2': '工作流', 'purpose': '验证工作流_废止_备注框检查功能正常', 'test_items': '废止', 'test_child': '备注框检查', 'step': '"1.登录系统，进入【xx】页面；\r\n2.在列表中点击“废止”，检查备注弹框。"', 'result': '2.弹框空、特殊字符、超长等校验正确。'}, {'trading_day': '', 'condition': '', 'scene': '', 'case_num': '1', 'baseline': 'Y', 'create_time': '', 'priority': 'P2', 'direction': '正例', 'case_type': '功能类', 'create_name': 'lucky', 'remark': '', 'menu1': 'Worker和Pages', 'menu2': '工作流', 'purpose': '验证工作流_查询_单一条件查询功能正常', 'test_items': '查询', 'test_child': '单一条件查询', 'step': '1.登录系统，进入【xx】页面；\r\n2.输入查询条件，点击“查询”按钮，检查查询结果是否正确；\r\n3.点击重置。', 'result': '2.查询结果正确；\r\n3.查询条件清空，列表数据刷新。'}, {'trading_day': '', 'condition': '', 'scene': '', 'case_num': '1', 'baseline': 'Y', 'create_time': '', 'priority': 'P2', 'direction': '正例', 'case_type': '功能类', 'create_name': 'lucky', 'remark': '', 'menu1': 'Worker和Pages', 'menu2': '工作流', 'purpose': '验证工作流_查询功能正常', 'test_items': '查询', 'test_child': '', 'step': '1.登录系统，进入【xx】页面；\r\n2.输入查询条件，点击“查询”按钮，检查查询结果是否正确；\r\n3.点击重置。', 'result': '2.查询结果正确；\r\n3.查询条件清空，列表数据刷新。'}, {'trading_day': '', 'condition': '', 'scene': '', 'case_num': '1', 'baseline': 'Y', 'create_time': '', 'priority': 'P2', 'direction': '正例', 'case_type': '功能类', 'create_name': 'lucky', 'remark': '', 'menu1': '管理账户', 'menu2': '成员', 'purpose': '验证成员_邀请_界面UI检查功能正常', 'test_items': '邀请', 'test_child': '界面UI检查', 'step': '1.登录系统，进入xx页面；\r\n2.检查界面UI功能。"\t', 'result': '1、页面数据展示正常'}]
2024-12-16T19:44:55.654442+0800 INFO 运行完成
